[2019-09-11 01:45:13] test
[2019-09-11 01:45:18] test
[2019-09-11 15:52:27] db.ArticleList, rows: Error 1064: You have an error in your SQL syntax; check the manual that corresponds to your MariaDB server version for the right syntax to use near 'ORDER BY id DESC LIMIT 20 OFFSET ?)' at line 1
[2019-09-11 15:52:27] db.ArticleList, rows: Error 1064: You have an error in your SQL syntax; check the manual that corresponds to your MariaDB server version for the right syntax to use near 'ORDER BY id DESC LIMIT 20 OFFSET ?)' at line 1
[2019-09-11 15:53:56] db.ArticleGetList, rows: Error 1064: You have an error in your SQL syntax; check the manual that corresponds to your MariaDB server version for the right syntax to use near 'ORDER BY id DESC LIMIT 20 OFFSET ?)' at line 1
[2019-09-11 15:53:56] db.ArticleGetList, rows: Error 1064: You have an error in your SQL syntax; check the manual that corresponds to your MariaDB server version for the right syntax to use near 'ORDER BY id DESC LIMIT 20 OFFSET ?)' at line 1
[2019-09-11 15:54:25] db.ArticleGetList, rows: Error 1064: You have an error in your SQL syntax; check the manual that corresponds to your MariaDB server version for the right syntax to use near 'ORDER BY id DESC LIMIT 20 OFFSET ?)' at line 1
[2019-09-11 15:54:25] db.ArticleGetList, rows: Error 1064: You have an error in your SQL syntax; check the manual that corresponds to your MariaDB server version for the right syntax to use near 'ORDER BY id DESC LIMIT 20 OFFSET ?)' at line 1
[2019-09-11 15:55:28] db.ArticleGetList, rows: Error 1064: You have an error in your SQL syntax; check the manual that corresponds to your MariaDB server version for the right syntax to use near 'ORDER BY id DESC LIMIT 20)' at line 1
[2019-09-11 15:55:28] db.ArticleGetList, rows: Error 1064: You have an error in your SQL syntax; check the manual that corresponds to your MariaDB server version for the right syntax to use near 'ORDER BY id DESC LIMIT 20)' at line 1
[2019-09-11 16:05:57] db.ArticleGetList, rows: Error 1054: Unknown column 'ixd' in 'order clause'
[2019-09-11 16:05:57] db.ArticleGetList, rows: Error 1054: Unknown column 'ixd' in 'order clause'
[2019-09-11 16:11:42] db.ArticleGetList, rows: Error 1054: Unknown column 'ixd' in 'order clause'
[2019-09-11 16:11:42] db.ArticleGetList, rows: Error 1054: Unknown column 'ixd' in 'order clause'
[2019-09-11 16:27:38] routers.GetArticleList, page: strconv.Atoi: parsing "undefined": invalid syntax
[2019-09-11 16:27:55] routers.GetArticleList, page: strconv.Atoi: parsing "undefined": invalid syntax
[2019-09-11 16:27:57] routers.GetArticleList, page: strconv.Atoi: parsing "undefined": invalid syntax
[2019-09-11 16:28:01] routers.GetArticleList, page: strconv.Atoi: parsing "undefined": invalid syntax
[2019-09-11 16:28:33] routers.GetArticleList, page: strconv.Atoi: parsing "undefined": invalid syntax
[2019-09-11 16:28:36] routers.GetArticleList, page: strconv.Atoi: parsing "undefined": invalid syntax
[2019-09-11 16:28:57] routers.GetArticleList, page: strconv.Atoi: parsing "undefined": invalid syntax
[2019-09-11 16:28:59] routers.GetArticleList, page: strconv.Atoi: parsing "undefined": invalid syntax
[2019-09-11 16:29:14] routers.GetArticleList, page: strconv.Atoi: parsing "undefined": invalid syntax
[2019-09-11 16:29:15] routers.GetArticleList, page: strconv.Atoi: parsing "undefined": invalid syntax
[2019-09-11 16:30:45] routers.GetArticleList, page: strconv.Atoi: parsing "undefined": invalid syntax
[2019-09-11 16:30:57] routers.GetArticleList, page: strconv.Atoi: parsing "undefined": invalid syntax
[2019-09-11 16:31:05] routers.GetArticleList, page: strconv.Atoi: parsing "undefined": invalid syntax
